#
# A fatal error has been detected by the Java Runtime Environment:
#
#  Internal Error (javaClasses.cpp:127), pid=1220, tid=4836
#  fatal error: Invalid layout of preloaded class
#
# JRE version:  (8.0_40-b25) (build )
# Java VM: Java HotSpot(TM) 64-Bit Server VM (25.40-b25 mixed mode windows-amd64 compressed oops)
# Failed to write core dump. Minidumps are not enabled by default on client versions of Windows
#
# If you would like to submit a bug report, please visit:
#   http://bugreport.java.com/bugreport/crash.jsp
#

---------------  T H R E A D  ---------------

Current thread (0x0000000002790800):  JavaThread "Unknown thread" [_thread_in_vm, id=4836, stack(0x0000000002690000,0x0000000002790000)]

Stack: [0x0000000002690000,0x0000000002790000]
Native frames: (J=compiled Java code, j=interpreted, Vv=VM code, C=native code)
V  [jvm.dll+0x32b47a]
V  [jvm.dll+0x2797f3]
V  [jvm.dll+0x27a489]
V  [jvm.dll+0x271726]
V  [jvm.dll+0x67fd3]
V  [jvm.dll+0x680c3]
V  [jvm.dll+0x7d63a]
V  [jvm.dll+0x7d9a6]
V  [jvm.dll+0xf2077]
V  [jvm.dll+0xf2406]
V  [jvm.dll+0x20f107]
V  [jvm.dll+0x240d9a]
V  [jvm.dll+0x15b941]
C  [javaw.exe+0x217e]
C  [javaw.exe+0xcd17]
C  [javaw.exe+0xcdab]
C  [KERNEL32.DLL+0x16ad]
C  [ntdll.dll+0x6e954]


---------------  P R O C E S S  ---------------

Java Threads: ( => current thread )

Other Threads:

=>0x0000000002790800 (exited) JavaThread "Unknown thread" [_thread_in_vm, id=4836, stack(0x0000000002690000,0x0000000002790000)]

VM state:not at safepoint (not fully initialized)

VM Mutex/Monitor currently owned by a thread: None

GC Heap History (0 events):
No events

Deoptimization events (0 events):
No events

Internal exceptions (0 events):
No events

Events (10 events):
Event: 0.022 loading class java/lang/CharSequence done
Event: 0.022 loading class java/lang/String done
Event: 0.022 loading class java/lang/Class
Event: 0.022 loading class java/lang/reflect/AnnotatedElement
Event: 0.022 loading class java/lang/reflect/AnnotatedElement done
Event: 0.022 loading class java/lang/reflect/GenericDeclaration
Event: 0.022 loading class java/lang/reflect/GenericDeclaration done
Event: 0.022 loading class java/lang/reflect/Type
Event: 0.022 loading class java/lang/reflect/Type done
Event: 0.022 loading class java/lang/Class done


Dynamic libraries:
0x00007ff753280000 - 0x00007ff7532b7000 	C:\Program Files\Java\jre1.8.0_40\bin\javaw.exe
0x00007ff9dcd30000 - 0x00007ff9dcedc000 	C:\WINDOWS\SYSTEM32\ntdll.dll
0x00007ff9dbfe0000 - 0x00007ff9dc11a000 	C:\WINDOWS\system32\KERNEL32.DLL
0x00007ff9da370000 - 0x00007ff9da47f000 	C:\WINDOWS\system32\KERNELBASE.dll
0x00007ff9d8b80000 - 0x00007ff9d8c08000 	C:\WINDOWS\system32\apphelp.dll
0x00007ff9cf050000 - 0x00007ff9cf09f000 	C:\WINDOWS\AppPatch\AppPatch64\AcGenral.DLL
0x00007ff9dc940000 - 0x00007ff9dc9e7000 	C:\WINDOWS\system32\msvcrt.dll
0x00007ff9d9e20000 - 0x00007ff9d9e4b000 	C:\WINDOWS\SYSTEM32\SspiCli.dll
0x00007ff9dc130000 - 0x00007ff9dc181000 	C:\WINDOWS\system32\SHLWAPI.dll
0x00007ff9dc7c0000 - 0x00007ff9dc931000 	C:\WINDOWS\system32\USER32.dll
0x00007ff9da480000 - 0x00007ff9da5f8000 	C:\WINDOWS\system32\ole32.dll
0x00007ff9da660000 - 0x00007ff9dbb78000 	C:\WINDOWS\system32\SHELL32.dll
0x00007ff9d95e0000 - 0x00007ff9d95fe000 	C:\WINDOWS\SYSTEM32\USERENV.dll
0x00007ff9dc3c0000 - 0x00007ff9dc465000 	C:\WINDOWS\system32\ADVAPI32.dll
0x00007ff9cdbe0000 - 0x00007ff9cdbfb000 	C:\WINDOWS\SYSTEM32\MPR.dll
0x00007ff9dc280000 - 0x00007ff9dc3b7000 	C:\WINDOWS\system32\RPCRT4.dll
0x00007ff9dbe10000 - 0x00007ff9dbe67000 	C:\WINDOWS\SYSTEM32\sechost.dll
0x00007ff9dbb80000 - 0x00007ff9dbd56000 	C:\WINDOWS\SYSTEM32\combase.dll
0x00007ff9dc4d0000 - 0x00007ff9dc614000 	C:\WINDOWS\system32\GDI32.dll
0x00007ff9d9f70000 - 0x00007ff9d9f84000 	C:\WINDOWS\SYSTEM32\profapi.dll
0x00007ff9d8340000 - 0x00007ff9d83f2000 	C:\WINDOWS\SYSTEM32\SHCORE.dll
0x00007ff9dbfa0000 - 0x00007ff9dbfd4000 	C:\WINDOWS\system32\IMM32.DLL
0x00007ff9dc9f0000 - 0x00007ff9dcb42000 	C:\WINDOWS\system32\MSCTF.dll
0x00007ff9d76e0000 - 0x00007ff9d793a000 	C:\WINDOWS\WinSxS\amd64_microsoft.windows.common-controls_6595b64144ccf1df_6.0.9600.17031_none_6242a4b3ecbb55a1\COMCTL32.dll
0x000000006c580000 - 0x000000006c652000 	C:\Program Files\Java\jre1.8.0_40\bin\msvcr100.dll
0x000000006c8f0000 - 0x000000006d173000 	C:\Program Files\Java\jre1.8.0_40\bin\server\jvm.dll
0x00007ff9d1e80000 - 0x00007ff9d1e89000 	C:\WINDOWS\SYSTEM32\WSOCK32.dll
0x00007ff9d5090000 - 0x00007ff9d50af000 	C:\WINDOWS\SYSTEM32\WINMM.dll
0x00007ff9d4060000 - 0x00007ff9d406a000 	C:\WINDOWS\SYSTEM32\VERSION.dll
0x00007ff9dc1b0000 - 0x00007ff9dc1b7000 	C:\WINDOWS\system32\PSAPI.DLL
0x00007ff9dc470000 - 0x00007ff9dc4c8000 	C:\WINDOWS\system32\WS2_32.dll
0x00007ff9d5060000 - 0x00007ff9d508a000 	C:\WINDOWS\SYSTEM32\WINMMBASE.dll
0x00007ff9dc120000 - 0x00007ff9dc129000 	C:\WINDOWS\system32\NSI.dll
0x00007ff9da320000 - 0x00007ff9da36a000 	C:\WINDOWS\SYSTEM32\cfgmgr32.dll
0x00007ff9d8df0000 - 0x00007ff9d8e16000 	C:\WINDOWS\SYSTEM32\DEVOBJ.dll
0x000000006c8e0000 - 0x000000006c8ef000 	C:\Program Files\Java\jre1.8.0_40\bin\verify.dll
0x000000006c8b0000 - 0x000000006c8d9000 	C:\Program Files\Java\jre1.8.0_40\bin\java.dll
0x000000006c890000 - 0x000000006c8a6000 	C:\Program Files\Java\jre1.8.0_40\bin\zip.dll
0x00007ff9cd490000 - 0x00007ff9cd618000 	C:\WINDOWS\SYSTEM32\dbghelp.dll

VM Arguments:
jvm_args: -Dfile.encoding=GBK -Xbootclasspath:C:\Users\Miao\AppData\Local\Android\Sdk\platforms\android-19\android.jar 
java_command: org.pitest.pitclipse.pitrunner.PitRunner 59293
java_class_path (initial): C:\Users\Miao\mygit\MyEvents\bin\classes;C:\python\FacebookSDK\libs\bolts-android-1.1.2.jar;C:\python\FacebookSDK\libs\android-support-v4.jar;C:\python\FacebookSDK\bin\facebooksdk.jar;F:\programming\eclipse ee\eclipse\plugins\org.pitest.command-line-osgi_1.1.4.jar;F:\programming\eclipse ee\eclipse\plugins\org.pitest.osgi_1.1.4.jar;F:\programming\eclipse ee\eclipse\plugins\org.pitest.pitclipse-pitrunner_1.1.2.201502230916.jar;F:\programming\eclipse ee\eclipse\plugins\org.pitest.guava-shade-osgi_18.0.0.jar;F:\programming\eclipse ee\eclipse\configuration\org.eclipse.osgi\bundles\911\1\.cp\lib\jsr305-2.0.0.jar
Launcher Type: SUN_STANDARD

Environment Variables:
JAVA_HOME=F:\programming\Java
CLASSPATH=.;F:\programming\Java\lib;F:\programming\Java\lib\dt.jar;F:\programming\Java\lib\tools.jar.;F:\adt-bundle-windows\sdk\platform-tools;F:\adt-bundle-windows\sdk\tools;
PATH=C:/Program Files/Java/jre1.8.0_40/bin/server;C:/Program Files/Java/jre1.8.0_40/bin;C:/Program Files/Java/jre1.8.0_40/lib/amd64;C:\ProgramData\Oracle\Java\javapath;C:\WINDOWS\system32;C:\WINDOWS;C:\WINDOWS\System32\Wbem;C:\WINDOWS\System32\WindowsPowerShell\v1.0\;F:\programming\Java\bin;F:\programming\Java\jre\bin;.;F:\adt-bundle-windows\sdk\platform-tools;F:\adt-bundle-windows\sdk\tools;C:\Program Files (x86)\MiKTeX 2.9\miktex\bin\;C:\RailsInstaller\Git\cmd;C:\RailsInstaller\Ruby2.1.0\bin;F:\programming\eclipse ee\eclipse;
USERNAME=Miao
OS=Windows_NT
PROCESSOR_IDENTIFIER=Intel64 Family 6 Model 69 Stepping 1, GenuineIntel



---------------  S Y S T E M  ---------------

OS: Windows 8.1 , 64 bit Build 9600 (6.3.9600.17056)

CPU:total 4 (2 cores per cpu, 2 threads per core) family 6 model 69 stepping 1, cmov, cx8, fxsr, mmx, sse, sse2, sse3, ssse3, sse4.1, sse4.2, popcnt, avx, avx2, aes, clmul, erms, lzcnt, ht, tsc, tscinvbit, bmi1, bmi2

Memory: 4k page, physical 8274284k(2411464k free), swap 16662892k(9083308k free)

vm_info: Java HotSpot(TM) 64-Bit Server VM (25.40-b25) for windows-amd64 JRE (1.8.0_40-b25), built on Feb 10 2015 21:53:57 by "java_re" with MS VC++ 10.0 (VS2010)

time: Sat Apr 11 15:35:49 2015
elapsed time: 0 seconds (0d 0h 0m 0s)

